c:\users\гаррик\onedrive\документы\wildlands\wildlands\debug\vc140.pdb
c:\users\гаррик\onedrive\документы\wildlands\wildlands\debug\vc140.idb
c:\users\гаррик\onedrive\документы\wildlands\wildlands\debug\winmain.obj
c:\users\гаррик\onedrive\документы\wildlands\wildlands\debug\graphics.obj
c:\users\гаррик\onedrive\документы\wildlands\debug\wildlands.pdb
c:\users\гаррик\onedrive\документы\wildlands\wildlands\debug\wildlands.tlog\cl.command.1.tlog
c:\users\гаррик\onedrive\документы\wildlands\wildlands\debug\wildlands.tlog\cl.read.1.tlog
c:\users\гаррик\onedrive\документы\wildlands\wildlands\debug\wildlands.tlog\cl.write.1.tlog
c:\users\гаррик\onedrive\документы\wildlands\wildlands\debug\wildlands.tlog\link-cvtres.read.1.tlog
c:\users\гаррик\onedrive\документы\wildlands\wildlands\debug\wildlands.tlog\link-cvtres.write.1.tlog
c:\users\гаррик\onedrive\документы\wildlands\wildlands\debug\wildlands.tlog\link-rc.read.1.tlog
c:\users\гаррик\onedrive\документы\wildlands\wildlands\debug\wildlands.tlog\link-rc.write.1.tlog
c:\users\гаррик\onedrive\документы\wildlands\wildlands\debug\wildlands.tlog\link.8048-cvtres.read.1.tlog
c:\users\гаррик\onedrive\документы\wildlands\wildlands\debug\wildlands.tlog\link.8048-cvtres.write.1.tlog
c:\users\гаррик\onedrive\документы\wildlands\wildlands\debug\wildlands.tlog\link.8048-rc.read.1.tlog
c:\users\гаррик\onedrive\документы\wildlands\wildlands\debug\wildlands.tlog\link.8048-rc.write.1.tlog
c:\users\гаррик\onedrive\документы\wildlands\wildlands\debug\wildlands.tlog\link.8048.read.1.tlog
c:\users\гаррик\onedrive\документы\wildlands\wildlands\debug\wildlands.tlog\link.8048.write.1.tlog
c:\users\гаррик\onedrive\документы\wildlands\wildlands\debug\wildlands.tlog\link.command.1.tlog
c:\users\гаррик\onedrive\документы\wildlands\wildlands\debug\wildlands.tlog\link.read.1.tlog
c:\users\гаррик\onedrive\документы\wildlands\wildlands\debug\wildlands.tlog\link.write.1.tlog
